2018-03-19 15:37:27,960 INFO o.a.j.u.JMeterUtils: Setting Locale to en_US
2018-03-19 15:37:27,971 INFO o.a.j.JMeter: Loading user properties from: user.properties
2018-03-19 15:37:27,971 INFO o.a.j.JMeter: Loading system properties from: system.properties
2018-03-19 15:37:27,976 INFO o.a.j.JMeter: Copyright (c) 1998-2018 The Apache Software Foundation
2018-03-19 15:37:27,976 INFO o.a.j.JMeter: Version 4.0 r1823414
2018-03-19 15:37:27,976 INFO o.a.j.JMeter: java.version=1.8.0_161
2018-03-19 15:37:27,976 INFO o.a.j.JMeter: java.vm.name=Java HotSpot(TM) 64-Bit Server VM
2018-03-19 15:37:27,976 INFO o.a.j.JMeter: os.name=Linux
2018-03-19 15:37:27,976 INFO o.a.j.JMeter: os.arch=amd64
2018-03-19 15:37:27,976 INFO o.a.j.JMeter: os.version=4.13.0-36-generic
2018-03-19 15:37:27,976 INFO o.a.j.JMeter: file.encoding=UTF-8
2018-03-19 15:37:27,976 INFO o.a.j.JMeter: Max memory     =1827143680
2018-03-19 15:37:27,976 INFO o.a.j.JMeter: Available Processors =4
2018-03-19 15:37:27,980 INFO o.a.j.JMeter: Default Locale=English (United States)
2018-03-19 15:37:27,980 INFO o.a.j.JMeter: JMeter  Locale=English (United States)
2018-03-19 15:37:27,980 INFO o.a.j.JMeter: JMeterHome=/home/david/Desktop/Pr4/Si2/si2/Practica2/jmeter/apache-jmeter-4.0
2018-03-19 15:37:27,980 INFO o.a.j.JMeter: user.dir  =/home/david/Desktop/Pr4/Si2/si2/Practica2/jmeter/apache-jmeter-4.0/bin
2018-03-19 15:37:27,980 INFO o.a.j.JMeter: PWD       =/home/david/Desktop/Pr4/Si2/si2/Practica2/jmeter/apache-jmeter-4.0/bin
2018-03-19 15:37:27,981 INFO o.a.j.JMeter: IP: 127.0.1.1 Name: david-LY FullName: david-LY
2018-03-19 15:37:28,135 INFO o.a.j.g.a.LookAndFeelCommand: Installing Darcula LAF
2018-03-19 15:37:28,181 INFO o.a.j.g.a.LookAndFeelCommand: Using look and feel: com.bulenkov.darcula.DarculaLaf [Darcula]
2018-03-19 15:37:28,181 INFO o.a.j.JMeter: Setting LAF to: com.bulenkov.darcula.DarculaLaf
2018-03-19 15:37:28,237 INFO o.a.j.JMeter: Loaded icon properties from org/apache/jmeter/images/icon.properties
2018-03-19 15:37:28,663 INFO o.a.j.e.u.CompoundVariable: Note: Function class names must contain the string: '.functions.'
2018-03-19 15:37:28,664 INFO o.a.j.e.u.CompoundVariable: Note: Function class names must not contain the string: '.gui.'
2018-03-19 15:37:30,176 INFO o.a.j.p.h.s.HTTPSamplerBase: Parser for text/html is org.apache.jmeter.protocol.http.parser.LagartoBasedHtmlParser
2018-03-19 15:37:30,177 INFO o.a.j.p.h.s.HTTPSamplerBase: Parser for application/xhtml+xml is org.apache.jmeter.protocol.http.parser.LagartoBasedHtmlParser
2018-03-19 15:37:30,177 INFO o.a.j.p.h.s.HTTPSamplerBase: Parser for application/xml is org.apache.jmeter.protocol.http.parser.LagartoBasedHtmlParser
2018-03-19 15:37:30,177 INFO o.a.j.p.h.s.HTTPSamplerBase: Parser for text/xml is org.apache.jmeter.protocol.http.parser.LagartoBasedHtmlParser
2018-03-19 15:37:30,177 INFO o.a.j.p.h.s.HTTPSamplerBase: Parser for text/vnd.wap.wml is org.apache.jmeter.protocol.http.parser.RegexpHTMLParser
2018-03-19 15:37:30,177 INFO o.a.j.p.h.s.HTTPSamplerBase: Parser for text/css is org.apache.jmeter.protocol.http.parser.CssParser
2018-03-19 15:37:30,497 INFO o.a.j.e.KeyToolUtils: keytool found at 'keytool'
2018-03-19 15:37:30,497 INFO o.a.j.p.h.p.ProxyControl: HTTP(S) Test Script Recorder SSL Proxy will use keys that support embedded 3rd party resources in file /home/david/Desktop/Pr4/Si2/si2/Practica2/jmeter/apache-jmeter-4.0/bin/proxyserver.jks
2018-03-19 15:37:30,625 INFO o.a.j.s.FileServer: Default base='/home/david/Desktop/Pr4/Si2/si2/Practica2/jmeter/apache-jmeter-4.0/bin'
2018-03-19 15:37:30,910 INFO o.a.j.s.SampleResult: Note: Sample TimeStamps are START times
2018-03-19 15:37:30,910 INFO o.a.j.s.SampleResult: sampleresult.default.encoding is set to ISO-8859-1
2018-03-19 15:37:30,910 INFO o.a.j.s.SampleResult: sampleresult.useNanoTime=true
2018-03-19 15:37:30,911 INFO o.a.j.s.SampleResult: sampleresult.nanoThreadSleep=5000
2018-03-19 15:56:15,649 INFO o.a.j.g.a.t.TemplateManager: Reading templates from: /home/david/Desktop/Pr4/Si2/si2/Practica2/jmeter/apache-jmeter-4.0/bin/templates/templates.xml
2018-03-19 15:58:56,474 INFO o.a.j.s.FileServer: Set new base='/home/david/Desktop/Pr4/Si2/si2/Practica2/jmeter'
2018-03-19 15:58:56,498 INFO o.a.j.s.SaveService: Testplan (JMX) version: 2.2. Testlog (JTL) version: 2.2
2018-03-19 15:58:56,519 INFO o.a.j.s.SaveService: Using SaveService properties file encoding UTF-8
2018-03-19 15:58:56,521 INFO o.a.j.s.SaveService: Using SaveService properties version 4.0
